{"numFailedTestSuites":1,"numFailedTests":1,"numPassedTestSuites":4,"numPassedTests":31,"numPendingTestSuites":0,"numPendingTests":0,"numRuntimeErrorTestSuites":0,"numTodoTests":0,"numTotalTestSuites":5,"numTotalTests":32,"openHandles":[],"snapshot":{"added":0,"didUpdate":false,"failure":false,"filesAdded":0,"filesRemoved":0,"filesRemovedList":[],"filesUnmatched":0,"filesUpdated":0,"matched":0,"total":0,"unchecked":0,"uncheckedKeysByFile":[],"unmatched":0,"updated":0},"startTime":1771766278069,"success":false,"testResults":[{"assertionResults":[{"ancestorTitles":["Transaction API","POST /api/transactions/deposit"],"duration":39,"failureDetails":[],"failureMessages":[],"fullName":"Transaction API POST /api/transactions/deposit should deposit money successfully","invocations":1,"location":null,"numPassingAsserts":3,"retryReasons":[],"status":"passed","title":"should deposit money successfully"},{"ancestorTitles":["Transaction API","POST /api/transactions/withdraw"],"duration":11,"failureDetails":[],"failureMessages":[],"fullName":"Transaction API POST /api/transactions/withdraw should withdraw amount seamlessly when enough cash is available","invocations":1,"location":null,"numPassingAsserts":3,"retryReasons":[],"status":"passed","title":"should withdraw amount seamlessly when enough cash is available"},{"ancestorTitles":["Transaction API","POST /api/transactions/withdraw"],"duration":13,"failureDetails":[],"failureMessages":[],"fullName":"Transaction API POST /api/transactions/withdraw should auto-sell assets when BRL balance is insufficient but total portfolio value is enough","invocations":1,"location":null,"numPassingAsserts":6,"retryReasons":[],"status":"passed","title":"should auto-sell assets when BRL balance is insufficient but total portfolio value is enough"},{"ancestorTitles":["Transaction API","POST /api/transactions/withdraw"],"duration":8,"failureDetails":[],"failureMessages":[],"fullName":"Transaction API POST /api/transactions/withdraw should fail when withdrawal exceeds total portfolio value","invocations":1,"location":null,"numPassingAsserts":2,"retryReasons":[],"status":"passed","title":"should fail when withdrawal exceeds total portfolio value"},{"ancestorTitles":["Transaction API","POST /api/transactions/withdraw/preview"],"duration":6,"failureDetails":[],"failureMessages":[],"fullName":"Transaction API POST /api/transactions/withdraw/preview should return requires_liquidation: false if sufficient BRL","invocations":1,"location":null,"numPassingAsserts":4,"retryReasons":[],"status":"passed","title":"should return requires_liquidation: false if sufficient BRL"},{"ancestorTitles":["Transaction API","POST /api/transactions/withdraw/preview"],"duration":8,"failureDetails":[{"matcherResult":{"expected":1,"message":"\u001b[2mexpect(\u001b[22m\u001b[31mreceived\u001b[39m\u001b[2m).\u001b[22mtoBe\u001b[2m(\u001b[22m\u001b[32mexpected\u001b[39m\u001b[2m) // Object.is equality\u001b[22m\n\nExpected: \u001b[32m1\u001b[39m\nReceived: \u001b[31mundefined\u001b[39m","name":"toBe","pass":false}}],"failureMessages":["Error: \u001b[2mexpect(\u001b[22m\u001b[31mreceived\u001b[39m\u001b[2m).\u001b[22mtoBe\u001b[2m(\u001b[22m\u001b[32mexpected\u001b[39m\u001b[2m) // Object.is equality\u001b[22m\n\nExpected: \u001b[32m1\u001b[39m\nReceived: \u001b[31mundefined\u001b[39m\n    at Object.toBe (C:\\Users\\mateu\\OneDrive\\Documentos\\projetos\\fintech-session-guard-api\\tests\\transaction.test.js:167:51)\n    at processTicksAndRejections (node:internal/process/task_queues:103:5)"],"fullName":"Transaction API POST /api/transactions/withdraw/preview should calculate required liquidation but NOT mutate the database","invocations":1,"location":null,"numPassingAsserts":5,"retryReasons":[],"status":"failed","title":"should calculate required liquidation but NOT mutate the database"},{"ancestorTitles":["Transaction API","POST /api/transactions/withdraw/preview"],"duration":7,"failureDetails":[],"failureMessages":[],"fullName":"Transaction API POST /api/transactions/withdraw/preview should fail preview when withdrawal exceeds total portfolio value","invocations":1,"location":null,"numPassingAsserts":2,"retryReasons":[],"status":"passed","title":"should fail preview when withdrawal exceeds total portfolio value"}],"endTime":1771766279254,"message":"\u001b[1m\u001b[31m  \u001b[1m● \u001b[22m\u001b[1mTransaction API › POST /api/transactions/withdraw/preview › should calculate required liquidation but NOT mutate the database\u001b[39m\u001b[22m\n\n    \u001b[2mexpect(\u001b[22m\u001b[31mreceived\u001b[39m\u001b[2m).\u001b[22mtoBe\u001b[2m(\u001b[22m\u001b[32mexpected\u001b[39m\u001b[2m) // Object.is equality\u001b[22m\n\n    Expected: \u001b[32m1\u001b[39m\n    Received: \u001b[31mundefined\u001b[39m\n\u001b[2m\u001b[22m\n\u001b[2m    \u001b[0m \u001b[90m 165 |\u001b[39m       expect(data\u001b[33m.\u001b[39massets_to_sell\u001b[33m.\u001b[39mlength)\u001b[33m.\u001b[39mtoBe(\u001b[35m1\u001b[39m)\u001b[33m;\u001b[39m\u001b[22m\n\u001b[2m     \u001b[90m 166 |\u001b[39m       expect(data\u001b[33m.\u001b[39massets_to_sell[\u001b[35m0\u001b[39m]\u001b[33m.\u001b[39mticker)\u001b[33m.\u001b[39mtoBe(\u001b[32m'TEST-ASSET'\u001b[39m)\u001b[33m;\u001b[39m\u001b[22m\n\u001b[2m    \u001b[31m\u001b[1m>\u001b[22m\u001b[2m\u001b[39m\u001b[90m 167 |\u001b[39m       expect(data\u001b[33m.\u001b[39massets_to_sell[\u001b[35m0\u001b[39m]\u001b[33m.\u001b[39mquantitySold)\u001b[33m.\u001b[39mtoBe(\u001b[35m1.0\u001b[39m)\u001b[33m;\u001b[39m \u001b[90m// 100 value / 100 price\u001b[39m\u001b[22m\n\u001b[2m     \u001b[90m     |\u001b[39m                                                   \u001b[31m\u001b[1m^\u001b[22m\u001b[2m\u001b[39m\u001b[22m\n\u001b[2m     \u001b[90m 168 |\u001b[39m       expect(data\u001b[33m.\u001b[39massets_to_sell[\u001b[35m0\u001b[39m]\u001b[33m.\u001b[39mvalueGenerated)\u001b[33m.\u001b[39mtoBe(\u001b[35m100\u001b[39m)\u001b[33m;\u001b[39m\u001b[22m\n\u001b[2m     \u001b[90m 169 |\u001b[39m       \u001b[22m\n\u001b[2m     \u001b[90m 170 |\u001b[39m       \u001b[90m// Verify NO MUTATION\u001b[39m\u001b[0m\u001b[22m\n\u001b[2m\u001b[22m\n\u001b[2m      \u001b[2mat Object.toBe (\u001b[22m\u001b[2m\u001b[0m\u001b[36mtests/transaction.test.js\u001b[39m\u001b[0m\u001b[2m:167:51)\u001b[22m\u001b[2m\u001b[22m\n","name":"C:\\Users\\mateu\\OneDrive\\Documentos\\projetos\\fintech-session-guard-api\\tests\\transaction.test.js","startTime":1771766278115,"status":"failed","summary":""},{"assertionResults":[{"ancestorTitles":["Deep Verification - Streams & Transactions","Stream (SSE) Endpoint Exists"],"duration":26,"failureDetails":[],"failureMessages":[],"fullName":"Deep Verification - Streams & Transactions Stream (SSE) Endpoint Exists should return 200 and connect to market stream","invocations":1,"location":null,"numPassingAsserts":2,"retryReasons":[],"status":"passed","title":"should return 200 and connect to market stream"},{"ancestorTitles":["Deep Verification - Streams & Transactions","Transaction Balance Sync (Buy)"],"duration":19,"failureDetails":[],"failureMessages":[],"fullName":"Deep Verification - Streams & Transactions Transaction Balance Sync (Buy) should subtract BRL balance and add asset correctly","invocations":1,"location":null,"numPassingAsserts":4,"retryReasons":[],"status":"passed","title":"should subtract BRL balance and add asset correctly"},{"ancestorTitles":["Deep Verification - Streams & Transactions","Transaction Balance Sync (Sell)"],"duration":16,"failureDetails":[],"failureMessages":[],"fullName":"Deep Verification - Streams & Transactions Transaction Balance Sync (Sell) should add BRL balance and subtract asset correctly","invocations":1,"location":null,"numPassingAsserts":4,"retryReasons":[],"status":"passed","title":"should add BRL balance and subtract asset correctly"},{"ancestorTitles":["Deep Verification - Streams & Transactions","Transaction Balance Sync (Sell)"],"duration":17,"failureDetails":[],"failureMessages":[],"fullName":"Deep Verification - Streams & Transactions Transaction Balance Sync (Sell) should remove asset row if quantity reaches zero","invocations":1,"location":null,"numPassingAsserts":2,"retryReasons":[],"status":"passed","title":"should remove asset row if quantity reaches zero"}],"endTime":1771766279779,"message":"","name":"C:\\Users\\mateu\\OneDrive\\Documentos\\projetos\\fintech-session-guard-api\\tests\\deep_verification.test.js","startTime":1771766279268,"status":"passed","summary":""},{"assertionResults":[{"ancestorTitles":["Trading API","POST /api/trade/buy"],"duration":31,"failureDetails":[],"failureMessages":[],"fullName":"Trading API POST /api/trade/buy should buy asset successfully with sufficient funds and valid PIN","invocations":1,"location":null,"numPassingAsserts":2,"retryReasons":[],"status":"passed","title":"should buy asset successfully with sufficient funds and valid PIN"},{"ancestorTitles":["Trading API","POST /api/trade/buy"],"duration":8,"failureDetails":[],"failureMessages":[],"fullName":"Trading API POST /api/trade/buy should fail buy request with invalid PIN","invocations":1,"location":null,"numPassingAsserts":2,"retryReasons":[],"status":"passed","title":"should fail buy request with invalid PIN"},{"ancestorTitles":["Trading API","POST /api/trade/buy"],"duration":3,"failureDetails":[],"failureMessages":[],"fullName":"Trading API POST /api/trade/buy should fail buy request with no PIN or biometric token","invocations":1,"location":null,"numPassingAsserts":2,"retryReasons":[],"status":"passed","title":"should fail buy request with no PIN or biometric token"},{"ancestorTitles":["Trading API","POST /api/trade/buy"],"duration":5,"failureDetails":[],"failureMessages":[],"fullName":"Trading API POST /api/trade/buy should fail buy request with insufficient funds","invocations":1,"location":null,"numPassingAsserts":2,"retryReasons":[],"status":"passed","title":"should fail buy request with insufficient funds"},{"ancestorTitles":["Trading API","POST /api/trade/sell"],"duration":8,"failureDetails":[],"failureMessages":[],"fullName":"Trading API POST /api/trade/sell should sell asset successfully with valid PIN","invocations":1,"location":null,"numPassingAsserts":2,"retryReasons":[],"status":"passed","title":"should sell asset successfully with valid PIN"},{"ancestorTitles":["Trading API","POST /api/trade/sell"],"duration":4,"failureDetails":[],"failureMessages":[],"fullName":"Trading API POST /api/trade/sell should fail sell request with invalid PIN","invocations":1,"location":null,"numPassingAsserts":2,"retryReasons":[],"status":"passed","title":"should fail sell request with invalid PIN"},{"ancestorTitles":["Trading API","POST /api/trade/sell"],"duration":6,"failureDetails":[],"failureMessages":[],"fullName":"Trading API POST /api/trade/sell should fail sell request with insufficient assets","invocations":1,"location":null,"numPassingAsserts":2,"retryReasons":[],"status":"passed","title":"should fail sell request with insufficient assets"},{"ancestorTitles":["Trading API","POST /api/trade/sell"],"duration":3,"failureDetails":[],"failureMessages":[],"fullName":"Trading API POST /api/trade/sell should fail sell request with no PIN or biometric token","invocations":1,"location":null,"numPassingAsserts":2,"retryReasons":[],"status":"passed","title":"should fail sell request with no PIN or biometric token"}],"endTime":1771766280333,"message":"","name":"C:\\Users\\mateu\\OneDrive\\Documentos\\projetos\\fintech-session-guard-api\\tests\\trade.test.js","startTime":1771766279804,"status":"passed","summary":""},{"assertionResults":[{"ancestorTitles":["Market API","GET /api/market/instruments"],"duration":24,"failureDetails":[],"failureMessages":[],"fullName":"Market API GET /api/market/instruments should return popular instruments when no query is provided","invocations":1,"location":null,"numPassingAsserts":4,"retryReasons":[],"status":"passed","title":"should return popular instruments when no query is provided"},{"ancestorTitles":["Market API","GET /api/market/instruments"],"duration":5,"failureDetails":[],"failureMessages":[],"fullName":"Market API GET /api/market/instruments should filter instruments by name/query","invocations":1,"location":null,"numPassingAsserts":2,"retryReasons":[],"status":"passed","title":"should filter instruments by name/query"},{"ancestorTitles":["Market API","GET /api/market/instruments"],"duration":7,"failureDetails":[],"failureMessages":[],"fullName":"Market API GET /api/market/instruments should filter instruments by type","invocations":1,"location":null,"numPassingAsserts":3,"retryReasons":[],"status":"passed","title":"should filter instruments by type"},{"ancestorTitles":["Market API","GET /api/market/instruments"],"duration":6,"failureDetails":[],"failureMessages":[],"fullName":"Market API GET /api/market/instruments should return empty list for non-existent query","invocations":1,"location":null,"numPassingAsserts":2,"retryReasons":[],"status":"passed","title":"should return empty list for non-existent query"},{"ancestorTitles":["Market API","GET /api/market/instruments/:id"],"duration":6,"failureDetails":[],"failureMessages":[],"fullName":"Market API GET /api/market/instruments/:id should return instrument details for valid ID","invocations":1,"location":null,"numPassingAsserts":3,"retryReasons":[],"status":"passed","title":"should return instrument details for valid ID"},{"ancestorTitles":["Market API","GET /api/market/instruments/:id"],"duration":5,"failureDetails":[],"failureMessages":[],"fullName":"Market API GET /api/market/instruments/:id should return 404 for invalid instrument ID","invocations":1,"location":null,"numPassingAsserts":2,"retryReasons":[],"status":"passed","title":"should return 404 for invalid instrument ID"},{"ancestorTitles":["Market API","GET /api/market/instruments/:id/stream"],"duration":9,"failureDetails":[],"failureMessages":[],"fullName":"Market API GET /api/market/instruments/:id/stream should establish SSE connection for valid instrument ID","invocations":1,"location":null,"numPassingAsserts":3,"retryReasons":[],"status":"passed","title":"should establish SSE connection for valid instrument ID"},{"ancestorTitles":["Market API","GET /api/market/instruments/:id/stream"],"duration":5,"failureDetails":[],"failureMessages":[],"fullName":"Market API GET /api/market/instruments/:id/stream should return 404 for streaming non-existent instrument","invocations":1,"location":null,"numPassingAsserts":1,"retryReasons":[],"status":"passed","title":"should return 404 for streaming non-existent instrument"}],"endTime":1771766281123,"message":"","name":"C:\\Users\\mateu\\OneDrive\\Documentos\\projetos\\fintech-session-guard-api\\tests\\market.test.js","startTime":1771766280344,"status":"passed","summary":""},{"assertionResults":[{"ancestorTitles":["Portfolio API","GET /api/portfolio/summary"],"duration":28,"failureDetails":[],"failureMessages":[],"fullName":"Portfolio API GET /api/portfolio/summary should return complete summary including 100k cash","invocations":1,"location":null,"numPassingAsserts":7,"retryReasons":[],"status":"passed","title":"should return complete summary including 100k cash"},{"ancestorTitles":["Portfolio API","GET /api/portfolio/summary"],"duration":5,"failureDetails":[],"failureMessages":[],"fullName":"Portfolio API GET /api/portfolio/summary should explicitly verify that totalBalance matches availableBalance + totalCurrent","invocations":1,"location":null,"numPassingAsserts":3,"retryReasons":[],"status":"passed","title":"should explicitly verify that totalBalance matches availableBalance + totalCurrent"},{"ancestorTitles":["Portfolio API","GET /api/portfolio/summary"],"duration":8,"failureDetails":[],"failureMessages":[],"fullName":"Portfolio API GET /api/portfolio/summary should include categorized stats (byType)","invocations":1,"location":null,"numPassingAsserts":5,"retryReasons":[],"status":"passed","title":"should include categorized stats (byType)"},{"ancestorTitles":["Portfolio API","GET /api/portfolio/summary"],"duration":5,"failureDetails":[],"failureMessages":[],"fullName":"Portfolio API GET /api/portfolio/summary should include enriched assets list with instrumentId","invocations":1,"location":null,"numPassingAsserts":6,"retryReasons":[],"status":"passed","title":"should include enriched assets list with instrumentId"},{"ancestorTitles":["Portfolio API","GET /api/portfolio"],"duration":6,"failureDetails":[],"failureMessages":[],"fullName":"Portfolio API GET /api/portfolio should return list of assets enriched with real-time data","invocations":1,"location":null,"numPassingAsserts":7,"retryReasons":[],"status":"passed","title":"should return list of assets enriched with real-time data"}],"endTime":1771766282115,"message":"","name":"C:\\Users\\mateu\\OneDrive\\Documentos\\projetos\\fintech-session-guard-api\\tests\\portfolio.test.js","startTime":1771766281138,"status":"passed","summary":""}],"wasInterrupted":false}
